{
	"numTotalTestSuites": 155,
	"numPassedTestSuites": 149,
	"numFailedTestSuites": 6,
	"numPendingTestSuites": 0,
	"numTotalTests": 314,
	"numPassedTests": 312,
	"numFailedTests": 2,
	"numPendingTests": 0,
	"numTodoTests": 0,
	"snapshot": {
		"added": 0,
		"failure": false,
		"filesAdded": 0,
		"filesRemoved": 0,
		"filesRemovedList": [],
		"filesUnmatched": 0,
		"filesUpdated": 0,
		"matched": 0,
		"total": 0,
		"unchecked": 0,
		"uncheckedKeysByFile": [],
		"unmatched": 0,
		"updated": 0,
		"didUpdate": false
	},
	"startTime": 1764988278789,
	"success": false,
	"testResults": [
		{
			"assertionResults": [
				{
					"ancestorTitles": ["API Module", "authApi", "login"],
					"fullName": "API Module authApi login sends login request and returns auth response",
					"status": "passed",
					"title": "sends login request and returns auth response",
					"duration": 5.990099999999984,
					"failureMessages": [],
					"meta": {}
				},
				{
					"ancestorTitles": ["API Module", "authApi", "login"],
					"fullName": "API Module authApi login handles login error",
					"status": "passed",
					"title": "handles login error",
					"duration": 2.0825999999997293,
					"failureMessages": [],
					"meta": {}
				},
				{
					"ancestorTitles": ["API Module", "authApi", "register"],
					"fullName": "API Module authApi register sends registration request",
					"status": "passed",
					"title": "sends registration request",
					"duration": 0.9967999999998938,
					"failureMessages": [],
					"meta": {}
				},
				{
					"ancestorTitles": ["API Module", "authApi", "me"],
					"fullName": "API Module authApi me fetches current user",
					"status": "passed",
					"title": "fetches current user",
					"duration": 0.8505000000000109,
					"failureMessages": [],
					"meta": {}
				},
				{
					"ancestorTitles": ["API Module", "chatApi", "getHistory"],
					"fullName": "API Module chatApi getHistory fetches conversation history",
					"status": "passed",
					"title": "fetches conversation history",
					"duration": 0.8956999999995787,
					"failureMessages": [],
					"meta": {}
				},
				{
					"ancestorTitles": ["API Module", "chatApi", "getConversation"],
					"fullName": "API Module chatApi getConversation fetches conversation details",
					"status": "passed",
					"title": "fetches conversation details",
					"duration": 0.7324000000003252,
					"failureMessages": [],
					"meta": {}
				},
				{
					"ancestorTitles": ["API Module", "chatApi", "getConversation"],
					"fullName": "API Module chatApi getConversation fetches conversation with pagination params",
					"status": "passed",
					"title": "fetches conversation with pagination params",
					"duration": 0.8099999999999454,
					"failureMessages": [],
					"meta": {}
				},
				{
					"ancestorTitles": ["API Module", "chatApi", "deleteConversation"],
					"fullName": "API Module chatApi deleteConversation deletes a conversation",
					"status": "passed",
					"title": "deletes a conversation",
					"duration": 0.40990000000010696,
					"failureMessages": [],
					"meta": {}
				},
				{
					"ancestorTitles": ["API Module", "chatApi", "deleteAllConversations"],
					"fullName": "API Module chatApi deleteAllConversations deletes all conversations",
					"status": "passed",
					"title": "deletes all conversations",
					"duration": 0.6855000000000473,
					"failureMessages": [],
					"meta": {}
				},
				{
					"ancestorTitles": ["API Module", "chatApi", "getModels"],
					"fullName": "API Module chatApi getModels fetches available models",
					"status": "passed",
					"title": "fetches available models",
					"duration": 0.9447999999997592,
					"failureMessages": [],
					"meta": {}
				},
				{
					"ancestorTitles": ["API Module", "chatApi", "getMethods"],
					"fullName": "API Module chatApi getMethods fetches sentiment methods",
					"status": "passed",
					"title": "fetches sentiment methods",
					"duration": 0.5210999999999331,
					"failureMessages": [],
					"meta": {}
				},
				{
					"ancestorTitles": ["API Module", "Error Handling"],
					"fullName": "API Module Error Handling handles network errors",
					"status": "passed",
					"title": "handles network errors",
					"duration": 1.5841999999997824,
					"failureMessages": [],
					"meta": {}
				},
				{
					"ancestorTitles": ["API Module", "Error Handling"],
					"fullName": "API Module Error Handling handles API errors by throwing response",
					"status": "passed",
					"title": "handles API errors by throwing response",
					"duration": 0.5342000000000553,
					"failureMessages": [],
					"meta": {}
				},
				{
					"ancestorTitles": ["API Module", "Error Handling"],
					"fullName": "API Module Error Handling handles 401 unauthorized",
					"status": "passed",
					"title": "handles 401 unauthorized",
					"duration": 0.46649999999999636,
					"failureMessages": [],
					"meta": {}
				}
			],
			"startTime": 1764988282050,
			"endTime": 1764988282068.5342,
			"status": "passed",
			"message": "",
			"name": "F:/Study/Code/git/Lia-assignment/frontend/src/__tests__/api.test.ts"
		},
		{
			"assertionResults": [
				{
					"ancestorTitles": ["AuthPage", "Rendering"],
					"fullName": "AuthPage Rendering renders the login form by default",
					"status": "passed",
					"title": "renders the login form by default",
					"duration": 209.4015999999997,
					"failureMessages": [],
					"meta": {}
				},
				{
					"ancestorTitles": ["AuthPage", "Rendering"],
					"fullName": "AuthPage Rendering renders the logo and branding",
					"status": "passed",
					"title": "renders the logo and branding",
					"duration": 12.632900000000063,
					"failureMessages": [],
					"meta": {}
				},
				{
					"ancestorTitles": ["AuthPage", "Rendering"],
					"fullName": "AuthPage Rendering renders email input with correct attributes",
					"status": "passed",
					"title": "renders email input with correct attributes",
					"duration": 17.18190000000004,
					"failureMessages": [],
					"meta": {}
				},
				{
					"ancestorTitles": ["AuthPage", "Rendering"],
					"fullName": "AuthPage Rendering renders password input with correct attributes",
					"status": "passed",
					"title": "renders password input with correct attributes",
					"duration": 8.922199999999975,
					"failureMessages": [],
					"meta": {}
				},
				{
					"ancestorTitles": ["AuthPage", "Rendering"],
					"fullName": "AuthPage Rendering renders terms of service notice",
					"status": "passed",
					"title": "renders terms of service notice",
					"duration": 10.871499999999742,
					"failureMessages": [],
					"meta": {}
				},
				{
					"ancestorTitles": ["AuthPage", "Form Toggle"],
					"fullName": "AuthPage Form Toggle switches to register form when clicking sign up link",
					"status": "passed",
					"title": "switches to register form when clicking sign up link",
					"duration": 90.49000000000024,
					"failureMessages": [],
					"meta": {}
				},
				{
					"ancestorTitles": ["AuthPage", "Form Toggle"],
					"fullName": "AuthPage Form Toggle switches back to login form when clicking sign in link",
					"status": "passed",
					"title": "switches back to login form when clicking sign in link",
					"duration": 125.66439999999966,
					"failureMessages": [],
					"meta": {}
				},
				{
					"ancestorTitles": ["AuthPage", "Form Toggle"],
					"fullName": "AuthPage Form Toggle clears error when switching between login and register",
					"status": "passed",
					"title": "clears error when switching between login and register",
					"duration": 124.89789999999994,
					"failureMessages": [],
					"meta": {}
				},
				{
					"ancestorTitles": ["AuthPage", "Login Form Submission"],
					"fullName": "AuthPage Login Form Submission calls login with email and password",
					"status": "passed",
					"title": "calls login with email and password",
					"duration": 89.58390000000009,
					"failureMessages": [],
					"meta": {}
				},
				{
					"ancestorTitles": ["AuthPage", "Login Form Submission"],
					"fullName": "AuthPage Login Form Submission shows loading state during login",
					"status": "passed",
					"title": "shows loading state during login",
					"duration": 93.77340000000004,
					"failureMessages": [],
					"meta": {}
				},
				{
					"ancestorTitles": ["AuthPage", "Login Form Submission"],
					"fullName": "AuthPage Login Form Submission displays error message on login failure",
					"status": "passed",
					"title": "displays error message on login failure",
					"duration": 61.22429999999986,
					"failureMessages": [],
					"meta": {}
				},
				{
					"ancestorTitles": ["AuthPage", "Login Form Submission"],
					"fullName": "AuthPage Login Form Submission handles axios-style error response",
					"status": "failed",
					"title": "handles axios-style error response",
					"duration": 1081.6211999999996,
					"failureMessages": [
						"Error: Unable to find an element with the text: User not found. This could be because the text is broken up by multiple elements. In this case, you can provide a function for your text matcher to make your matcher more flexible.\n\nIgnored nodes: comments, script, style\n\u001b[36m<body>\u001b[39m\n  \u001b[36m<div>\u001b[39m\n    \u001b[36m<div\u001b[39m\n      \u001b[33mclass\u001b[39m=\u001b[32m\"min-h-screen w-full bg-bg-primary flex items-center justify-center p-4 relative overflow-hidden\"\u001b[39m\n    \u001b[36m>\u001b[39m\n      \u001b[36m<div\u001b[39m\n        \u001b[33mclass\u001b[39m=\u001b[32m\"absolute inset-0 overflow-hidden pointer-events-none\"\u001b[39m\n      \u001b[36m>\u001b[39m\n        \u001b[36m<div\u001b[39m\n          \u001b[33mclass\u001b[39m=\u001b[32m\"absolute -top-[20%] -left-[10%] w-[50%] h-[50%] rounded-full bg-primary/10 blur-[100px]\"\u001b[39m\n        \u001b[36m/>\u001b[39m\n        \u001b[36m<div\u001b[39m\n          \u001b[33mclass\u001b[39m=\u001b[32m\"absolute top-[40%] -right-[10%] w-[40%] h-[40%] rounded-full bg-accent/10 blur-[100px]\"\u001b[39m\n        \u001b[36m/>\u001b[39m\n        \u001b[36m<div\u001b[39m\n          \u001b[33mclass\u001b[39m=\u001b[32m\"absolute -bottom-[10%] left-[20%] w-[30%] h-[30%] rounded-full bg-purple-500/10 blur-[100px]\"\u001b[39m\n        \u001b[36m/>\u001b[39m\n      \u001b[36m</div>\u001b[39m\n      \u001b[36m<div\u001b[39m\n        \u001b[33manimate\u001b[39m=\u001b[32m\"[object Object]\"\u001b[39m\n        \u001b[33mclass\u001b[39m=\u001b[32m\"w-full max-w-md relative z-10\"\u001b[39m\n        \u001b[33minitial\u001b[39m=\u001b[32m\"[object Object]\"\u001b[39m\n        \u001b[33mtransition\u001b[39m=\u001b[32m\"[object Object]\"\u001b[39m\n      \u001b[36m>\u001b[39m\n        \u001b[36m<div\u001b[39m\n          \u001b[33mclass\u001b[39m=\u001b[32m\"flex flex-col items-center justify-center gap-4 mb-8\"\u001b[39m\n        \u001b[36m>\u001b[39m\n          \u001b[36m<div\u001b[39m\n            \u001b[33manimate\u001b[39m=\u001b[32m\"[object Object]\"\u001b[39m\n            \u001b[33mclass\u001b[39m=\u001b[32m\"w-16 h-16 bg-gradient-to-br from-primary to-accent rounded-2xl flex items-center justify-center shadow-xl shadow-primary/20 ring-1 ring-white/10\"\u001b[39m\n            \u001b[33minitial\u001b[39m=\u001b[32m\"[object Object]\"\u001b[39m\n            \u001b[33mtransition\u001b[39m=\u001b[32m\"[object Object]\"\u001b[39m\n          \u001b[36m>\u001b[39m\n            \u001b[36m<svg\u001b[39m\n              \u001b[33maria-hidden\u001b[39m=\u001b[32m\"true\"\u001b[39m\n              \u001b[33mclass\u001b[39m=\u001b[32m\"lucide lucide-bot w-9 h-9 text-white\"\u001b[39m\n              \u001b[33mfill\u001b[39m=\u001b[32m\"none\"\u001b[39m\n              \u001b[33mheight\u001b[39m=\u001b[32m\"24\"\u001b[39m\n              \u001b[33mstroke\u001b[39m=\u001b[32m\"currentColor\"\u001b[39m\n              \u001b[33mstroke-linecap\u001b[39m=\u001b[32m\"round\"\u001b[39m\n              \u001b[33mstroke-linejoin\u001b[39m=\u001b[32m\"round\"\u001b[39m\n              \u001b[33mstroke-width\u001b[39m=\u001b[32m\"2\"\u001b[39m\n              \u001b[33mviewBox\u001b[39m=\u001b[32m\"0 0 24 24\"\u001b[39m\n              \u001b[33mwidth\u001b[39m=\u001b[32m\"24\"\u001b[39m\n              \u001b[33mxmlns\u001b[39m=\u001b[32m\"http://www.w3.org/2000/svg\"\u001b[39m\n            \u001b[36m>\u001b[39m\n              \u001b[36m<path\u001b[39m\n                \u001b[33md\u001b[39m=\u001b[32m\"M12 8V4H8\"\u001b[39m\n              \u001b[36m/>\u001b[39m\n              \u001b[36m<rect\u001b[39m\n                \u001b[33mheight\u001b[39m=\u001b[32m\"12\"\u001b[39m\n                \u001b[33mrx\u001b[39m=\u001b[32m\"2\"\u001b[39m\n                \u001b[33mwidth\u001b[39m=\u001b[32m\"16\"\u001b[39m\n                \u001b[33mx\u001b[39m=\u001b[32m\"4\"\u001b[39m\n                \u001b[33my\u001b[39m=\u001b[32m\"8\"\u001b[39m\n              \u001b[36m/>\u001b[39m\n              \u001b[36m<path\u001b[39m\n                \u001b[33md\u001b[39m=\u001b[32m\"M2 14h2\"\u001b[39m\n              \u001b[36m/>\u001b[39m\n              \u001b[36m<path\u001b[39m\n                \u001b[33md\u001b[39m=\u001b[32m\"M20 14h2\"\u001b[39m\n              \u001b[36m/>\u001b[39m\n              \u001b[36m<path\u001b[39m\n                \u001b[33md\u001b[39m=\u001b[32m\"M15 13v2\"\u001b[39m\n              \u001b[36m/>\u001b[39m\n              \u001b[36m<path\u001b[39m\n                \u001b[33md\u001b[39m=\u001b[32m\"M9 13v2\"\u001b[39m\n              \u001b[36m/>\u001b[39m\n            \u001b[36m</svg>\u001b[39m\n          \u001b[36m</div>\u001b[39m\n          \u001b[36m<div\u001b[39m\n            \u001b[33mclass\u001b[39m=\u001b[32m\"text-center\"\u001b[39m\n          \u001b[36m>\u001b[39m\n            \u001b[36m<h1\u001b[39m\n              \u001b[33mclass\u001b[39m=\u001b[32m\"text-3xl font-bold text-foreground tracking-tight\"\u001b[39m\n            \u001b[36m>\u001b[39m\n              \u001b[0mLia Console\u001b[0m\n            \u001b[36m</h1>\u001b[39m\n            \u001b[36m<p\u001b[39m\n              \u001b[33mclass\u001b[39m=\u001b[32m\"text-muted-foreground mt-1 flex items-center justify-center gap-2\"\u001b[39m\n            \u001b[36m>\u001b[39m\n              \u001b[36m<svg\u001b[39m\n                \u001b[33maria-hidden\u001b[39m=\u001b[32m\"true\"\u001b[39m\n                \u001b[33mclass\u001b[39m=\u001b[32m\"lucide lucide-sparkles w-3 h-3 text-accent\"\u001b[39m\n                \u001b[33mfill\u001b[39m=\u001b[32m\"none\"\u001b[39m\n                \u001b[33mheight\u001b[39m=\u001b[32m\"24\"\u001b[39m\n                \u001b[33mstroke\u001b[39m=\u001b[32m\"currentColor\"\u001b[39m\n                \u001b[33mstroke-linecap\u001b[39m=\u001b[32m\"round\"\u001b[39m\n                \u001b[33mstroke-linejoin\u001b[39m=\u001b[32m\"round\"\u001b[39m\n                \u001b[33mstroke-width\u001b[39m=\u001b[32m\"2\"\u001b[39m\n                \u001b[33mviewBox\u001b[39m=\u001b[32m\"0 0 24 24\"\u001b[39m\n                \u001b[33mwidth\u001b[39m=\u001b[32m\"24\"\u001b[39m\n                \u001b[33mxmlns\u001b[39m=\u001b[32m\"http://www.w3.org/2000/svg\"\u001b[39m\n              \u001b[36m>\u001b[39m\n                \u001b[36m<path\u001b[39m\n                  \u001b[33md\u001b[39m=\u001b[32m\"M11.017 2.814a1 1 0 0 1 1.966 0l1.051 5.558a2 2 0 0 0 1.594 1.594l5.558 1.051a1 1 0 0 1 0 1.966l-5.558 1.051a2 2 0 0 0-1.594 1.594l-1.051 5.558a1 1 0 0 1-1.966 0l-1.051-5.558a2 2 0 0 0-1.594-1.594l-5.558-1.051a1 1 0 0 1 0-1.966l5.558-1.051a2 2 0 0 0 1.594-1.594z\"\u001b[39m\n                \u001b[36m/>\u001b[39m\n                \u001b[36m<path\u001b[39m\n                  \u001b[33md\u001b[39m=\u001b[32m\"M20 2v4\"\u001b[39m\n                \u001b[36m/>\u001b[39m\n                \u001b[36m<path\u001b[39m\n                  \u001b[33md\u001b[39m=\u001b[32m\"M22 4h-4\"\u001b[39m\n                \u001b[36m/>\u001b[39m\n                \u001b[36m<circle\u001b[39m\n                  \u001b[33mcx\u001b[39m=\u001b[32m\"4\"\u001b[39m\n                  \u001b[33mcy\u001b[39m=\u001b[32m\"20\"\u001b[39m\n                  \u001b[33mr\u001b[39m=\u001b[32m\"2\"\u001b[39m\n                \u001b[36m/>\u001b[39m\n              \u001b[36m</svg>\u001b[39m\n              \u001b[0mAI-Powered Analytics\u001b[0m\n            \u001b[36m</p>\u001b[39m\n          \u001b[36m</div>\u001b[39m\n        \u001b[36m</div>\u001b[39m\n        \u001b[36m<div\u001b[39m\n          \u001b[33mclass\u001b[39m=\u001b[32m\"rounded-xl border text-card-foreground border-border/50 bg-card/50 backdrop-blur-xl shadow-2xl\"\u001b[39m\n        \u001b[36m>\u001b[39m\n          \u001b[36m<div\u001b[39m\n            \u001b[33mclass\u001b[39m=\u001b[32m\"flex flex-col space-y-1.5 p-6 text-center pb-2\"\u001b[39m\n          \u001b[36m>\u001b[39m\n            \u001b[36m<div\u001b[39m\n              \u001b[33mclass\u001b[39m=\u001b[32m\"font-semibold tracking-tight text-xl\"\u001b[39m\n            \u001b[36m>\u001b[39m\n              \u001b[36m<span\u001b[39m\n                \u001b[33manimate\u001b[39m=\u001b[32m\"[object Object]\"\u001b[39m\n                \u001b[33mexit\u001b[39m=\u001b[32m\"[object Object]\"\u001b[39m\n                \u001b[33minitial\u001b[39m=\u001b[32m\"[object Object]\"\u001b[39m\n                \u001b[33mtransition\u001b[39m=\u001b[32m\"[object Object]\"\u001b[39m\n              \u001b[36m>\u001b[39m\n                \u001b[0mWelcome back\u001b[0m\n              \u001b[36m</span>\u001b[39m\n            \u001b[36m</div>\u001b[39m\n            \u001b[36m<div\u001b[39m\n              \u001b[33mclass\u001b[39m=\u001b[32m\"text-sm text-muted-foreground\"\u001b[39m\n            \u001b[36m>\u001b[39m\n              \u001b[0mSign in to continue to Lia\u001b[0m\n            \u001b[36m</div>\u001b[39m\n          \u001b[36m</div>\u001b[39m\n          \u001b[36m<div\u001b[39m\n            \u001b[33mclass\u001b[39m=\u001b[32m\"p-6 pt-0\"\u001b[39m\n          \u001b[36m>\u001b[39m\n            \u001b[36m<div\u001b[39m\n              \u001b[33manimate\u001b[39m=\u001b[32m\"[object Object]\"\u001b[39m\n              \u001b[33mclass\u001b[39m=\u001b[32m\"overflow-hidden mb-4\"\u001b[39m\n              \u001b[33mexit\u001b[39m=\u001b[32m\"[object Object]\"\u001b[39m\n              \u001b[33minitial\u001b[39m=\u001b[32m\"[object Object]\"\u001b[39m\n            \u001b[36m>\u001b[39m\n              \u001b[36m<div\u001b[39m\n                \u001b[33mclass\u001b[39m=\u001b[32m\"relative w-full rounded-lg border px-4 py-3 text-sm [&>svg+div]:translate-y-[-3px] [&>svg]:absolute [&>svg]:left-4 [&>svg]:top-4 [&>svg~*]:pl-7 border-destructive/50 text-d...\n    at Proxy.waitForWrapper (F:\\Study\\Code\\git\\Lia-assignment\\frontend\\node_modules\\.pnpm\\@testing-library+dom@10.4.1\\node_modules\\@testing-library\\dom\\dist\\wait-for.js:163:27)\n    at F:/Study/Code/git/Lia-assignment/frontend/src/__tests__/AuthPage.test.tsx:211:13\n    at file:///F:/Study/Code/git/Lia-assignment/frontend/node_modules/.pnpm/@vitest+runner@4.0.15/node_modules/@vitest/runner/dist/index.js:915:20"
					],
					"meta": {}
				},
				{
					"ancestorTitles": ["AuthPage", "Login Form Submission"],
					"fullName": "AuthPage Login Form Submission calls onSuccess callback after successful login",
					"status": "passed",
					"title": "calls onSuccess callback after successful login",
					"duration": 44.268700000000536,
					"failureMessages": [],
					"meta": {}
				},
				{
					"ancestorTitles": ["AuthPage", "Register Form Submission"],
					"fullName": "AuthPage Register Form Submission shows username field only in register mode",
					"status": "passed",
					"title": "shows username field only in register mode",
					"duration": 31.40309999999954,
					"failureMessages": [],
					"meta": {}
				},
				{
					"ancestorTitles": ["AuthPage", "Register Form Submission"],
					"fullName": "AuthPage Register Form Submission calls register with email, username, and password",
					"status": "passed",
					"title": "calls register with email, username, and password",
					"duration": 61.32659999999942,
					"failureMessages": [],
					"meta": {}
				},
				{
					"ancestorTitles": ["AuthPage", "Register Form Submission"],
					"fullName": "AuthPage Register Form Submission validates username length - too short",
					"status": "passed",
					"title": "validates username length - too short",
					"duration": 63.41259999999966,
					"failureMessages": [],
					"meta": {}
				},
				{
					"ancestorTitles": ["AuthPage", "Register Form Submission"],
					"fullName": "AuthPage Register Form Submission validates password length - too short",
					"status": "passed",
					"title": "validates password length - too short",
					"duration": 61.62109999999939,
					"failureMessages": [],
					"meta": {}
				},
				{
					"ancestorTitles": ["AuthPage", "Register Form Submission"],
					"fullName": "AuthPage Register Form Submission displays error message on register failure",
					"status": "passed",
					"title": "displays error message on register failure",
					"duration": 62.19639999999981,
					"failureMessages": [],
					"meta": {}
				},
				{
					"ancestorTitles": ["AuthPage", "Input Handling"],
					"fullName": "AuthPage Input Handling updates email field value",
					"status": "passed",
					"title": "updates email field value",
					"duration": 9.263600000000224,
					"failureMessages": [],
					"meta": {}
				},
				{
					"ancestorTitles": ["AuthPage", "Input Handling"],
					"fullName": "AuthPage Input Handling updates password field value",
					"status": "passed",
					"title": "updates password field value",
					"duration": 13.28899999999976,
					"failureMessages": [],
					"meta": {}
				},
				{
					"ancestorTitles": ["AuthPage", "Input Handling"],
					"fullName": "AuthPage Input Handling updates username field value in register mode",
					"status": "passed",
					"title": "updates username field value in register mode",
					"duration": 31.60649999999987,
					"failureMessages": [],
					"meta": {}
				},
				{
					"ancestorTitles": ["AuthPage", "Input Handling"],
					"fullName": "AuthPage Input Handling prevents default form submission and handles it",
					"status": "passed",
					"title": "prevents default form submission and handles it",
					"duration": 14.124499999999898,
					"failureMessages": [],
					"meta": {}
				},
				{
					"ancestorTitles": ["AuthPage", "Error Handling"],
					"fullName": "AuthPage Error Handling displays generic error for unknown error types",
					"status": "passed",
					"title": "displays generic error for unknown error types",
					"duration": 41.6242000000002,
					"failureMessages": [],
					"meta": {}
				},
				{
					"ancestorTitles": ["AuthPage", "Error Handling"],
					"fullName": "AuthPage Error Handling displays fallback error for axios error without detail",
					"status": "passed",
					"title": "displays fallback error for axios error without detail",
					"duration": 31.280800000000454,
					"failureMessages": [],
					"meta": {}
				}
			],
			"startTime": 1764988282247,
			"endTime": 1764988284639.2808,
			"status": "failed",
			"message": "",
			"name": "F:/Study/Code/git/Lia-assignment/frontend/src/__tests__/AuthPage.test.tsx"
		},
		{
			"assertionResults": [
				{
					"ancestorTitles": ["AuthProvider", "Initial State"],
					"fullName": "AuthProvider Initial State provides initial unauthenticated state",
					"status": "passed",
					"title": "provides initial unauthenticated state",
					"duration": 30.736499999999978,
					"failureMessages": [],
					"meta": {}
				},
				{
					"ancestorTitles": ["AuthProvider", "Initial State"],
					"fullName": "AuthProvider Initial State validates stored token on mount",
					"status": "passed",
					"title": "validates stored token on mount",
					"duration": 76.41179999999986,
					"failureMessages": [],
					"meta": {}
				},
				{
					"ancestorTitles": ["AuthProvider", "Initial State"],
					"fullName": "AuthProvider Initial State clears invalid token on mount when API returns 401",
					"status": "passed",
					"title": "clears invalid token on mount when API returns 401",
					"duration": 78.77399999999989,
					"failureMessages": [],
					"meta": {}
				},
				{
					"ancestorTitles": ["AuthProvider", "Initial State"],
					"fullName": "AuthProvider Initial State keeps stored session on transient errors",
					"status": "failed",
					"title": "keeps stored session on transient errors",
					"duration": 85.12829999999985,
					"failureMessages": [
						"AssertionError: expected null to deeply equal { id: 1, ÔÇª(3) }\n    at F:/Study/Code/git/Lia-assignment/frontend/src/__tests__/AuthProvider.test.tsx:129:35\n    at file:///F:/Study/Code/git/Lia-assignment/frontend/node_modules/.pnpm/@vitest+runner@4.0.15/node_modules/@vitest/runner/dist/index.js:915:20"
					],
					"meta": {}
				},
				{
					"ancestorTitles": ["AuthProvider", "Login"],
					"fullName": "AuthProvider Login logs in successfully and updates state",
					"status": "passed",
					"title": "logs in successfully and updates state",
					"duration": 8.297500000000127,
					"failureMessages": [],
					"meta": {}
				},
				{
					"ancestorTitles": ["AuthProvider", "Login"],
					"fullName": "AuthProvider Login throws error on login failure",
					"status": "passed",
					"title": "throws error on login failure",
					"duration": 15.228099999999813,
					"failureMessages": [],
					"meta": {}
				},
				{
					"ancestorTitles": ["AuthProvider", "Register"],
					"fullName": "AuthProvider Register registers successfully and updates state",
					"status": "passed",
					"title": "registers successfully and updates state",
					"duration": 14.325200000000223,
					"failureMessages": [],
					"meta": {}
				},
				{
					"ancestorTitles": ["AuthProvider", "Register"],
					"fullName": "AuthProvider Register throws error on register failure",
					"status": "passed",
					"title": "throws error on register failure",
					"duration": 3.0126000000000204,
					"failureMessages": [],
					"meta": {}
				},
				{
					"ancestorTitles": ["AuthProvider", "Logout"],
					"fullName": "AuthProvider Logout logs out and clears state",
					"status": "passed",
					"title": "logs out and clears state",
					"duration": 60.18349999999964,
					"failureMessages": [],
					"meta": {}
				},
				{
					"ancestorTitles": ["useAuth Hook"],
					"fullName": "useAuth Hook throws error when used outside AuthProvider",
					"status": "passed",
					"title": "throws error when used outside AuthProvider",
					"duration": 5.015600000000177,
					"failureMessages": [],
					"meta": {}
				},
				{
					"ancestorTitles": ["useAuth Hook"],
					"fullName": "useAuth Hook returns context when used within AuthProvider",
					"status": "passed",
					"title": "returns context when used within AuthProvider",
					"duration": 8.717399999999998,
					"failureMessages": [],
					"meta": {}
				},
				{
					"ancestorTitles": ["AuthContext"],
					"fullName": "AuthContext has undefined as default value",
					"status": "passed",
					"title": "has undefined as default value",
					"duration": 0.8599999999996726,
					"failureMessages": [],
					"meta": {}
				}
			],
			"startTime": 1764988281833,
			"endTime": 1764988282220.86,
			"status": "failed",
			"message": "",
			"name": "F:/Study/Code/git/Lia-assignment/frontend/src/__tests__/AuthProvider.test.tsx"
		},
		{
			"assertionResults": [
				{
					"ancestorTitles": ["ChatInput", "Rendering"],
					"fullName": "ChatInput Rendering renders textarea with placeholder",
					"status": "passed",
					"title": "renders textarea with placeholder",
					"duration": 55.59760000000006,
					"failureMessages": [],
					"meta": {}
				},
				{
					"ancestorTitles": ["ChatInput", "Rendering"],
					"fullName": "ChatInput Rendering renders submit button",
					"status": "passed",
					"title": "renders submit button",
					"duration": 192.5263,
					"failureMessages": [],
					"meta": {}
				},
				{
					"ancestorTitles": ["ChatInput", "Rendering"],
					"fullName": "ChatInput Rendering renders model selector",
					"status": "passed",
					"title": "renders model selector",
					"duration": 9.70029999999997,
					"failureMessages": [],
					"meta": {}
				},
				{
					"ancestorTitles": ["ChatInput", "Rendering"],
					"fullName": "ChatInput Rendering renders disclaimer text",
					"status": "passed",
					"title": "renders disclaimer text",
					"duration": 10.459800000000087,
					"failureMessages": [],
					"meta": {}
				},
				{
					"ancestorTitles": ["ChatInput", "Rendering"],
					"fullName": "ChatInput Rendering displays current input value",
					"status": "passed",
					"title": "displays current input value",
					"duration": 9.602899999999863,
					"failureMessages": [],
					"meta": {}
				},
				{
					"ancestorTitles": ["ChatInput", "Input Handling"],
					"fullName": "ChatInput Input Handling calls setInput when typing",
					"status": "passed",
					"title": "calls setInput when typing",
					"duration": 58.256099999999606,
					"failureMessages": [],
					"meta": {}
				},
				{
					"ancestorTitles": ["ChatInput", "Input Handling"],
					"fullName": "ChatInput Input Handling disables textarea when streaming",
					"status": "passed",
					"title": "disables textarea when streaming",
					"duration": 6.956699999999728,
					"failureMessages": [],
					"meta": {}
				},
				{
					"ancestorTitles": ["ChatInput", "Input Handling"],
					"fullName": "ChatInput Input Handling disables textarea when status is not ready",
					"status": "passed",
					"title": "disables textarea when status is not ready",
					"duration": 6.013899999999921,
					"failureMessages": [],
					"meta": {}
				},
				{
					"ancestorTitles": ["ChatInput", "Form Submission"],
					"fullName": "ChatInput Form Submission calls onSubmit when form is submitted",
					"status": "passed",
					"title": "calls onSubmit when form is submitted",
					"duration": 8.106899999999769,
					"failureMessages": [],
					"meta": {}
				},
				{
					"ancestorTitles": ["ChatInput", "Form Submission"],
					"fullName": "ChatInput Form Submission submits on Enter key without Shift",
					"status": "passed",
					"title": "submits on Enter key without Shift",
					"duration": 25.87570000000005,
					"failureMessages": [],
					"meta": {}
				},
				{
					"ancestorTitles": ["ChatInput", "Form Submission"],
					"fullName": "ChatInput Form Submission does not submit on Shift+Enter",
					"status": "passed",
					"title": "does not submit on Shift+Enter",
					"duration": 30.362299999999777,
					"failureMessages": [],
					"meta": {}
				},
				{
					"ancestorTitles": ["ChatInput", "Form Submission"],
					"fullName": "ChatInput Form Submission does not submit when input is empty",
					"status": "passed",
					"title": "does not submit when input is empty",
					"duration": 31.216099999999642,
					"failureMessages": [],
					"meta": {}
				},
				{
					"ancestorTitles": ["ChatInput", "Form Submission"],
					"fullName": "ChatInput Form Submission does not submit when status is not ready",
					"status": "passed",
					"title": "does not submit when status is not ready",
					"duration": 3.9744000000000597,
					"failureMessages": [],
					"meta": {}
				},
				{
					"ancestorTitles": ["ChatInput", "Form Submission"],
					"fullName": "ChatInput Form Submission disables submit button when input is empty",
					"status": "passed",
					"title": "disables submit button when input is empty",
					"duration": 23.476200000000063,
					"failureMessages": [],
					"meta": {}
				},
				{
					"ancestorTitles": ["ChatInput", "Form Submission"],
					"fullName": "ChatInput Form Submission enables submit button when input has content",
					"status": "passed",
					"title": "enables submit button when input has content",
					"duration": 22.865099999999984,
					"failureMessages": [],
					"meta": {}
				},
				{
					"ancestorTitles": ["ChatInput", "Stop Button"],
					"fullName": "ChatInput Stop Button shows stop button when streaming",
					"status": "passed",
					"title": "shows stop button when streaming",
					"duration": 22.36270000000013,
					"failureMessages": [],
					"meta": {}
				},
				{
					"ancestorTitles": ["ChatInput", "Stop Button"],
					"fullName": "ChatInput Stop Button shows stop button when submitted",
					"status": "passed",
					"title": "shows stop button when submitted",
					"duration": 18.15689999999995,
					"failureMessages": [],
					"meta": {}
				},
				{
					"ancestorTitles": ["ChatInput", "Stop Button"],
					"fullName": "ChatInput Stop Button calls onStop when stop button is clicked",
					"status": "passed",
					"title": "calls onStop when stop button is clicked",
					"duration": 27.916599999999562,
					"failureMessages": [],
					"meta": {}
				},
				{
					"ancestorTitles": ["ChatInput", "Stop Button"],
					"fullName": "ChatInput Stop Button hides stop button when ready",
					"status": "passed",
					"title": "hides stop button when ready",
					"duration": 24.91700000000037,
					"failureMessages": [],
					"meta": {}
				},
				{
					"ancestorTitles": ["ChatInput", "Error Alert"],
					"fullName": "ChatInput Error Alert shows error alert when error is present",
					"status": "passed",
					"title": "shows error alert when error is present",
					"duration": 5.828900000000431,
					"failureMessages": [],
					"meta": {}
				},
				{
					"ancestorTitles": ["ChatInput", "Error Alert"],
					"fullName": "ChatInput Error Alert shows retry button when error and onRegenerate are present",
					"status": "passed",
					"title": "shows retry button when error and onRegenerate are present",
					"duration": 32.04119999999966,
					"failureMessages": [],
					"meta": {}
				},
				{
					"ancestorTitles": ["ChatInput", "Error Alert"],
					"fullName": "ChatInput Error Alert calls onRegenerate when retry button is clicked",
					"status": "passed",
					"title": "calls onRegenerate when retry button is clicked",
					"duration": 50.682300000000396,
					"failureMessages": [],
					"meta": {}
				},
				{
					"ancestorTitles": ["ChatInput", "Error Alert"],
					"fullName": "ChatInput Error Alert hides error alert when no error",
					"status": "passed",
					"title": "hides error alert when no error",
					"duration": 4.731499999999869,
					"failureMessages": [],
					"meta": {}
				},
				{
					"ancestorTitles": ["ChatInput", "Model Selector"],
					"fullName": "ChatInput Model Selector displays current model value",
					"status": "passed",
					"title": "displays current model value",
					"duration": 3.41570000000047,
					"failureMessages": [],
					"meta": {}
				},
				{
					"ancestorTitles": ["ChatInput", "Model Selector"],
					"fullName": "ChatInput Model Selector calls setModel when model changes",
					"status": "passed",
					"title": "calls setModel when model changes",
					"duration": 26.52680000000055,
					"failureMessages": [],
					"meta": {}
				},
				{
					"ancestorTitles": ["ChatInput", "Model Selector"],
					"fullName": "ChatInput Model Selector sets provider to openai for GPT models",
					"status": "passed",
					"title": "sets provider to openai for GPT models",
					"duration": 23.23319999999967,
					"failureMessages": [],
					"meta": {}
				},
				{
					"ancestorTitles": ["ChatInput", "Model Selector"],
					"fullName": "ChatInput Model Selector sets provider to gemini for non-GPT models",
					"status": "passed",
					"title": "sets provider to gemini for non-GPT models",
					"duration": 34.54309999999987,
					"failureMessages": [],
					"meta": {}
				},
				{
					"ancestorTitles": ["ChatInput", "Status Handling"],
					"fullName": "ChatInput Status Handling uses isStreaming when status is not provided",
					"status": "passed",
					"title": "uses isStreaming when status is not provided",
					"duration": 4.140400000000227,
					"failureMessages": [],
					"meta": {}
				},
				{
					"ancestorTitles": ["ChatInput", "Status Handling"],
					"fullName": "ChatInput Status Handling prefers status over isStreaming",
					"status": "passed",
					"title": "prefers status over isStreaming",
					"duration": 2.7399999999997817,
					"failureMessages": [],
					"meta": {}
				}
			],
			"startTime": 1764988282414,
			"endTime": 1764988283191.74,
			"status": "passed",
			"message": "",
			"name": "F:/Study/Code/git/Lia-assignment/frontend/src/__tests__/ChatInput.test.tsx"
		},
		{
			"assertionResults": [
				{
					"ancestorTitles": ["ChatInspector", "Rendering"],
					"fullName": "ChatInspector Rendering renders when isOpen is true",
					"status": "passed",
					"title": "renders when isOpen is true",
					"duration": 150.06900000000041,
					"failureMessages": [],
					"meta": {}
				},
				{
					"ancestorTitles": ["ChatInspector", "Rendering"],
					"fullName": "ChatInspector Rendering does not render when isOpen is false",
					"status": "passed",
					"title": "does not render when isOpen is false",
					"duration": 5.071799999999712,
					"failureMessages": [],
					"meta": {}
				},
				{
					"ancestorTitles": ["ChatInspector", "Rendering"],
					"fullName": "ChatInspector Rendering renders close button",
					"status": "passed",
					"title": "renders close button",
					"duration": 190.5003999999999,
					"failureMessages": [],
					"meta": {}
				},
				{
					"ancestorTitles": ["ChatInspector", "Rendering"],
					"fullName": "ChatInspector Rendering calls onClose when close button is clicked",
					"status": "passed",
					"title": "calls onClose when close button is clicked",
					"duration": 44.01170000000002,
					"failureMessages": [],
					"meta": {}
				},
				{
					"ancestorTitles": ["ChatInspector", "Method Selector"],
					"fullName": "ChatInspector Method Selector displays the selected method",
					"status": "passed",
					"title": "displays the selected method",
					"duration": 32.06230000000005,
					"failureMessages": [],
					"meta": {}
				},
				{
					"ancestorTitles": ["ChatInspector", "Method Selector"],
					"fullName": "ChatInspector Method Selector shows Analysis Method label",
					"status": "passed",
					"title": "shows Analysis Method label",
					"duration": 25.482500000000073,
					"failureMessages": [],
					"meta": {}
				},
				{
					"ancestorTitles": ["ChatInspector", "Overall Sentiment"],
					"fullName": "ChatInspector Overall Sentiment shows empty state when no cumulative sentiment",
					"status": "passed",
					"title": "shows empty state when no cumulative sentiment",
					"duration": 21.699199999999564,
					"failureMessages": [],
					"meta": {}
				},
				{
					"ancestorTitles": ["ChatInspector", "Overall Sentiment"],
					"fullName": "ChatInspector Overall Sentiment displays overall sentiment from last message with cumulative sentiment",
					"status": "passed",
					"title": "displays overall sentiment from last message with cumulative sentiment",
					"duration": 30.011100000000624,
					"failureMessages": [],
					"meta": {}
				},
				{
					"ancestorTitles": ["ChatInspector", "Session Trend Chart"],
					"fullName": "ChatInspector Session Trend Chart shows empty state when no chart data",
					"status": "passed",
					"title": "shows empty state when no chart data",
					"duration": 27.449800000000323,
					"failureMessages": [],
					"meta": {}
				},
				{
					"ancestorTitles": ["ChatInspector", "Session Trend Chart"],
					"fullName": "ChatInspector Session Trend Chart renders chart when chart data is available",
					"status": "passed",
					"title": "renders chart when chart data is available",
					"duration": 28.209100000000035,
					"failureMessages": [],
					"meta": {}
				},
				{
					"ancestorTitles": ["ChatInspector", "Statement Analysis"],
					"fullName": "ChatInspector Statement Analysis shows empty state when no user messages",
					"status": "passed",
					"title": "shows empty state when no user messages",
					"duration": 22.20010000000002,
					"failureMessages": [],
					"meta": {}
				},
				{
					"ancestorTitles": ["ChatInspector", "Statement Analysis"],
					"fullName": "ChatInspector Statement Analysis renders user message cards",
					"status": "passed",
					"title": "renders user message cards",
					"duration": 24.131200000000717,
					"failureMessages": [],
					"meta": {}
				},
				{
					"ancestorTitles": ["ChatInspector", "Statement Analysis"],
					"fullName": "ChatInspector Statement Analysis shows sentiment score as percentage",
					"status": "passed",
					"title": "shows sentiment score as percentage",
					"duration": 20.76420000000053,
					"failureMessages": [],
					"meta": {}
				},
				{
					"ancestorTitles": ["ChatInspector", "Statement Analysis"],
					"fullName": "ChatInspector Statement Analysis shows \"Pending...\" for messages without sentiment",
					"status": "passed",
					"title": "shows \"Pending...\" for messages without sentiment",
					"duration": 20.168099999999868,
					"failureMessages": [],
					"meta": {}
				},
				{
					"ancestorTitles": ["ChatInspector", "Sentiment Colors"],
					"fullName": "ChatInspector Sentiment Colors uses appropriate styling for positive sentiment",
					"status": "passed",
					"title": "uses appropriate styling for positive sentiment",
					"duration": 33.272500000000036,
					"failureMessages": [],
					"meta": {}
				},
				{
					"ancestorTitles": ["ChatInspector", "Sentiment Colors"],
					"fullName": "ChatInspector Sentiment Colors uses appropriate styling for negative sentiment",
					"status": "passed",
					"title": "uses appropriate styling for negative sentiment",
					"duration": 22.672599999999875,
					"failureMessages": [],
					"meta": {}
				},
				{
					"ancestorTitles": ["ChatInspector", "Sentiment Colors"],
					"fullName": "ChatInspector Sentiment Colors uses appropriate styling for neutral sentiment",
					"status": "passed",
					"title": "uses appropriate styling for neutral sentiment",
					"duration": 24.890400000000227,
					"failureMessages": [],
					"meta": {}
				},
				{
					"ancestorTitles": ["ChatInspector", "Section Headers"],
					"fullName": "ChatInspector Section Headers displays Overall Sentiment section header",
					"status": "passed",
					"title": "displays Overall Sentiment section header",
					"duration": 25.963999999999942,
					"failureMessages": [],
					"meta": {}
				},
				{
					"ancestorTitles": ["ChatInspector", "Section Headers"],
					"fullName": "ChatInspector Section Headers displays Session Trend section header",
					"status": "passed",
					"title": "displays Session Trend section header",
					"duration": 18.71140000000014,
					"failureMessages": [],
					"meta": {}
				},
				{
					"ancestorTitles": ["ChatInspector", "Section Headers"],
					"fullName": "ChatInspector Section Headers displays Statement Analysis section header",
					"status": "passed",
					"title": "displays Statement Analysis section header",
					"duration": 18.05540000000019,
					"failureMessages": [],
					"meta": {}
				},
				{
					"ancestorTitles": ["ChatInspector", "Message Card Interaction"],
					"fullName": "ChatInspector Message Card Interaction calls onSelectMessage when clicking a message card",
					"status": "passed",
					"title": "calls onSelectMessage when clicking a message card",
					"duration": 23.843300000000454,
					"failureMessages": [],
					"meta": {}
				},
				{
					"ancestorTitles": ["ChatInspector", "Emotion Display"],
					"fullName": "ChatInspector Emotion Display shows emotion when available in cumulative sentiment",
					"status": "passed",
					"title": "shows emotion when available in cumulative sentiment",
					"duration": 27.774599999999737,
					"failureMessages": [],
					"meta": {}
				}
			],
			"startTime": 1764988282494,
			"endTime": 1764988283331.7747,
			"status": "passed",
			"message": "",
			"name": "F:/Study/Code/git/Lia-assignment/frontend/src/__tests__/ChatInspector.test.tsx"
		},
		{
			"assertionResults": [
				{
					"ancestorTitles": ["ChatSidebar", "Rendering"],
					"fullName": "ChatSidebar Rendering renders the sidebar with header",
					"status": "passed",
					"title": "renders the sidebar with header",
					"duration": 90.36819999999989,
					"failureMessages": [],
					"meta": {}
				},
				{
					"ancestorTitles": ["ChatSidebar", "Rendering"],
					"fullName": "ChatSidebar Rendering renders new chat button",
					"status": "passed",
					"title": "renders new chat button",
					"duration": 186.3508999999999,
					"failureMessages": [],
					"meta": {}
				},
				{
					"ancestorTitles": ["ChatSidebar", "Rendering"],
					"fullName": "ChatSidebar Rendering renders empty state when no history",
					"status": "passed",
					"title": "renders empty state when no history",
					"duration": 16.55639999999994,
					"failureMessages": [],
					"meta": {}
				},
				{
					"ancestorTitles": ["ChatSidebar", "Rendering"],
					"fullName": "ChatSidebar Rendering renders user info when user is provided",
					"status": "passed",
					"title": "renders user info when user is provided",
					"duration": 23.29800000000023,
					"failureMessages": [],
					"meta": {}
				},
				{
					"ancestorTitles": ["ChatSidebar", "Rendering"],
					"fullName": "ChatSidebar Rendering renders user avatar with first letter of username",
					"status": "passed",
					"title": "renders user avatar with first letter of username",
					"duration": 21.203500000000076,
					"failureMessages": [],
					"meta": {}
				},
				{
					"ancestorTitles": ["ChatSidebar", "Rendering"],
					"fullName": "ChatSidebar Rendering renders loading indicator when isLoading is true",
					"status": "passed",
					"title": "renders loading indicator when isLoading is true",
					"duration": 23.041899999999714,
					"failureMessages": [],
					"meta": {}
				},
				{
					"ancestorTitles": ["ChatSidebar", "Conversation List"],
					"fullName": "ChatSidebar Conversation List renders conversations grouped by date",
					"status": "passed",
					"title": "renders conversations grouped by date",
					"duration": 116.85399999999981,
					"failureMessages": [],
					"meta": {}
				},
				{
					"ancestorTitles": ["ChatSidebar", "Conversation List"],
					"fullName": "ChatSidebar Conversation List renders conversation titles",
					"status": "passed",
					"title": "renders conversation titles",
					"duration": 41.77529999999979,
					"failureMessages": [],
					"meta": {}
				},
				{
					"ancestorTitles": ["ChatSidebar", "Conversation List"],
					"fullName": "ChatSidebar Conversation List truncates long conversation titles",
					"status": "passed",
					"title": "truncates long conversation titles",
					"duration": 32.33210000000008,
					"failureMessages": [],
					"meta": {}
				},
				{
					"ancestorTitles": ["ChatSidebar", "Conversation List"],
					"fullName": "ChatSidebar Conversation List shows \"New conversation\" for null titles",
					"status": "passed",
					"title": "shows \"New conversation\" for null titles",
					"duration": 43.888800000000174,
					"failureMessages": [],
					"meta": {}
				},
				{
					"ancestorTitles": ["ChatSidebar", "Conversation List"],
					"fullName": "ChatSidebar Conversation List highlights current conversation",
					"status": "passed",
					"title": "highlights current conversation",
					"duration": 43.643200000000434,
					"failureMessages": [],
					"meta": {}
				},
				{
					"ancestorTitles": ["ChatSidebar", "Interactions"],
					"fullName": "ChatSidebar Interactions calls onSelectConversation when clicking a conversation",
					"status": "passed",
					"title": "calls onSelectConversation when clicking a conversation",
					"duration": 70.16190000000006,
					"failureMessages": [],
					"meta": {}
				},
				{
					"ancestorTitles": ["ChatSidebar", "Interactions"],
					"fullName": "ChatSidebar Interactions calls onSelectConversation on Enter key",
					"status": "passed",
					"title": "calls onSelectConversation on Enter key",
					"duration": 56.5666999999994,
					"failureMessages": [],
					"meta": {}
				},
				{
					"ancestorTitles": ["ChatSidebar", "Interactions"],
					"fullName": "ChatSidebar Interactions calls onSelectConversation on Space key",
					"status": "passed",
					"title": "calls onSelectConversation on Space key",
					"duration": 58.62169999999969,
					"failureMessages": [],
					"meta": {}
				},
				{
					"ancestorTitles": ["ChatSidebar", "Interactions"],
					"fullName": "ChatSidebar Interactions calls onNewChat when clicking new chat button",
					"status": "passed",
					"title": "calls onNewChat when clicking new chat button",
					"duration": 74.50410000000011,
					"failureMessages": [],
					"meta": {}
				},
				{
					"ancestorTitles": ["ChatSidebar", "Interactions"],
					"fullName": "ChatSidebar Interactions calls onDeleteConversation when clicking delete button",
					"status": "passed",
					"title": "calls onDeleteConversation when clicking delete button",
					"duration": 153.20920000000024,
					"failureMessages": [],
					"meta": {}
				},
				{
					"ancestorTitles": ["ChatSidebar", "Interactions"],
					"fullName": "ChatSidebar Interactions stops propagation when clicking delete button",
					"status": "passed",
					"title": "stops propagation when clicking delete button",
					"duration": 128.57639999999992,
					"failureMessages": [],
					"meta": {}
				},
				{
					"ancestorTitles": ["ChatSidebar", "Interactions"],
					"fullName": "ChatSidebar Interactions calls onLogout when clicking logout button",
					"status": "passed",
					"title": "calls onLogout when clicking logout button",
					"duration": 45.72199999999975,
					"failureMessages": [],
					"meta": {}
				},
				{
					"ancestorTitles": ["ChatSidebar", "Delete All"],
					"fullName": "ChatSidebar Delete All renders delete all button when history has items",
					"status": "passed",
					"title": "renders delete all button when history has items",
					"duration": 80.85309999999936,
					"failureMessages": [],
					"meta": {}
				},
				{
					"ancestorTitles": ["ChatSidebar", "Delete All"],
					"fullName": "ChatSidebar Delete All hides delete all button when history is empty",
					"status": "passed",
					"title": "hides delete all button when history is empty",
					"duration": 32.868899999999485,
					"failureMessages": [],
					"meta": {}
				},
				{
					"ancestorTitles": ["ChatSidebar", "Delete All"],
					"fullName": "ChatSidebar Delete All hides delete all button when onDeleteAll is not provided",
					"status": "passed",
					"title": "hides delete all button when onDeleteAll is not provided",
					"duration": 68.35580000000027,
					"failureMessages": [],
					"meta": {}
				},
				{
					"ancestorTitles": ["ChatSidebar", "Delete All"],
					"fullName": "ChatSidebar Delete All calls onDeleteAll when clicking delete all button",
					"status": "passed",
					"title": "calls onDeleteAll when clicking delete all button",
					"duration": 84.3108000000002,
					"failureMessages": [],
					"meta": {}
				},
				{
					"ancestorTitles": ["ChatSidebar", "Collapsible Groups"],
					"fullName": "ChatSidebar Collapsible Groups renders collapsible triggers for date groups",
					"status": "passed",
					"title": "renders collapsible triggers for date groups",
					"duration": 20.28309999999965,
					"failureMessages": [],
					"meta": {}
				},
				{
					"ancestorTitles": ["ChatSidebar", "Collapsible Groups"],
					"fullName": "ChatSidebar Collapsible Groups shows conversation count in group header",
					"status": "passed",
					"title": "shows conversation count in group header",
					"duration": 20.30829999999969,
					"failureMessages": [],
					"meta": {}
				},
				{
					"ancestorTitles": ["ChatSidebar", "Date Grouping"],
					"fullName": "ChatSidebar Date Grouping groups conversations correctly by date",
					"status": "passed",
					"title": "groups conversations correctly by date",
					"duration": 78.08850000000075,
					"failureMessages": [],
					"meta": {}
				},
				{
					"ancestorTitles": ["ChatSidebar", "Sidebar Collapse"],
					"fullName": "ChatSidebar Sidebar Collapse shows collapse button in full sidebar",
					"status": "passed",
					"title": "shows collapse button in full sidebar",
					"duration": 29.99420000000009,
					"failureMessages": [],
					"meta": {}
				},
				{
					"ancestorTitles": ["ChatSidebar", "Mobile View"],
					"fullName": "ChatSidebar Mobile View renders mobile overlay when isOpen is true",
					"status": "passed",
					"title": "renders mobile overlay when isOpen is true",
					"duration": 7.662999999999556,
					"failureMessages": [],
					"meta": {}
				},
				{
					"ancestorTitles": ["ChatSidebar", "User Info"],
					"fullName": "ChatSidebar User Info does not render user section when user is null",
					"status": "passed",
					"title": "does not render user section when user is null",
					"duration": 6.279199999999946,
					"failureMessages": [],
					"meta": {}
				},
				{
					"ancestorTitles": ["ChatSidebar", "User Info"],
					"fullName": "ChatSidebar User Info renders user section when user is provided",
					"status": "passed",
					"title": "renders user section when user is provided",
					"duration": 9.277299999999741,
					"failureMessages": [],
					"meta": {}
				}
			],
			"startTime": 1764988282301,
			"endTime": 1764988283968.2773,
			"status": "passed",
			"message": "",
			"name": "F:/Study/Code/git/Lia-assignment/frontend/src/__tests__/ChatSidebar.test.tsx"
		},
		{
			"assertionResults": [
				{
					"ancestorTitles": ["Component Integration", "AuthPage Component"],
					"fullName": "Component Integration AuthPage Component renders login form correctly",
					"status": "passed",
					"title": "renders login form correctly",
					"duration": 54.992700000000696,
					"failureMessages": [],
					"meta": {}
				},
				{
					"ancestorTitles": [
						"Component Integration",
						"ChatInterface Component"
					],
					"fullName": "Component Integration ChatInterface Component renders chat interface when user is provided",
					"status": "passed",
					"title": "renders chat interface when user is provided",
					"duration": 116.74409999999989,
					"failureMessages": [],
					"meta": {}
				},
				{
					"ancestorTitles": [
						"Component Integration",
						"ChatInterface Component"
					],
					"fullName": "Component Integration ChatInterface Component shows user information",
					"status": "passed",
					"title": "shows user information",
					"duration": 49.24300000000039,
					"failureMessages": [],
					"meta": {}
				},
				{
					"ancestorTitles": ["AuthPage Integration"],
					"fullName": "AuthPage Integration renders login form with required fields",
					"status": "passed",
					"title": "renders login form with required fields",
					"duration": 138.58989999999994,
					"failureMessages": [],
					"meta": {}
				},
				{
					"ancestorTitles": ["AuthPage Integration"],
					"fullName": "AuthPage Integration allows switching to register mode",
					"status": "passed",
					"title": "allows switching to register mode",
					"duration": 98.64080000000013,
					"failureMessages": [],
					"meta": {}
				},
				{
					"ancestorTitles": ["ChatInterface Integration"],
					"fullName": "ChatInterface Integration renders all main components",
					"status": "passed",
					"title": "renders all main components",
					"duration": 38.00799999999981,
					"failureMessages": [],
					"meta": {}
				},
				{
					"ancestorTitles": ["ChatInterface Integration"],
					"fullName": "ChatInterface Integration displays user info in sidebar",
					"status": "passed",
					"title": "displays user info in sidebar",
					"duration": 35.20349999999962,
					"failureMessages": [],
					"meta": {}
				},
				{
					"ancestorTitles": ["ChatInterface Integration"],
					"fullName": "ChatInterface Integration shows empty state with suggestions",
					"status": "passed",
					"title": "shows empty state with suggestions",
					"duration": 39.35279999999966,
					"failureMessages": [],
					"meta": {}
				},
				{
					"ancestorTitles": ["ChatInterface Integration"],
					"fullName": "ChatInterface Integration allows typing in input",
					"status": "passed",
					"title": "allows typing in input",
					"duration": 100.64599999999973,
					"failureMessages": [],
					"meta": {}
				}
			],
			"startTime": 1764988283092,
			"endTime": 1764988283763.646,
			"status": "passed",
			"message": "",
			"name": "F:/Study/Code/git/Lia-assignment/frontend/src/__tests__/Integration.test.tsx"
		},
		{
			"assertionResults": [
				{
					"ancestorTitles": ["MarkdownMessage", "Basic Rendering"],
					"fullName": "MarkdownMessage Basic Rendering renders plain text",
					"status": "passed",
					"title": "renders plain text",
					"duration": 43.6579999999999,
					"failureMessages": [],
					"meta": {}
				},
				{
					"ancestorTitles": ["MarkdownMessage", "Basic Rendering"],
					"fullName": "MarkdownMessage Basic Rendering renders empty content",
					"status": "passed",
					"title": "renders empty content",
					"duration": 3.4317000000000917,
					"failureMessages": [],
					"meta": {}
				},
				{
					"ancestorTitles": ["MarkdownMessage", "Basic Rendering"],
					"fullName": "MarkdownMessage Basic Rendering applies styling classes to container",
					"status": "passed",
					"title": "applies styling classes to container",
					"duration": 4.07529999999997,
					"failureMessages": [],
					"meta": {}
				},
				{
					"ancestorTitles": ["MarkdownMessage", "Markdown Formatting"],
					"fullName": "MarkdownMessage Markdown Formatting renders bold text",
					"status": "passed",
					"title": "renders bold text",
					"duration": 7.9000999999998385,
					"failureMessages": [],
					"meta": {}
				},
				{
					"ancestorTitles": ["MarkdownMessage", "Markdown Formatting"],
					"fullName": "MarkdownMessage Markdown Formatting renders italic text",
					"status": "passed",
					"title": "renders italic text",
					"duration": 4.577299999999923,
					"failureMessages": [],
					"meta": {}
				},
				{
					"ancestorTitles": ["MarkdownMessage", "Markdown Formatting"],
					"fullName": "MarkdownMessage Markdown Formatting renders headings",
					"status": "passed",
					"title": "renders headings",
					"duration": 137.01720000000023,
					"failureMessages": [],
					"meta": {}
				},
				{
					"ancestorTitles": ["MarkdownMessage", "Markdown Formatting"],
					"fullName": "MarkdownMessage Markdown Formatting renders multiple headings",
					"status": "passed",
					"title": "renders multiple headings",
					"duration": 49.487999999999374,
					"failureMessages": [],
					"meta": {}
				},
				{
					"ancestorTitles": ["MarkdownMessage", "Lists"],
					"fullName": "MarkdownMessage Lists renders unordered lists",
					"status": "passed",
					"title": "renders unordered lists",
					"duration": 18.01720000000023,
					"failureMessages": [],
					"meta": {}
				},
				{
					"ancestorTitles": ["MarkdownMessage", "Lists"],
					"fullName": "MarkdownMessage Lists renders ordered lists",
					"status": "passed",
					"title": "renders ordered lists",
					"duration": 14.826300000000629,
					"failureMessages": [],
					"meta": {}
				},
				{
					"ancestorTitles": ["MarkdownMessage", "Lists"],
					"fullName": "MarkdownMessage Lists renders task lists (GFM)",
					"status": "passed",
					"title": "renders task lists (GFM)",
					"duration": 35.009799999999814,
					"failureMessages": [],
					"meta": {}
				},
				{
					"ancestorTitles": ["MarkdownMessage", "Lists"],
					"fullName": "MarkdownMessage Lists makes task list checkboxes readonly",
					"status": "passed",
					"title": "makes task list checkboxes readonly",
					"duration": 25.09979999999996,
					"failureMessages": [],
					"meta": {}
				},
				{
					"ancestorTitles": ["MarkdownMessage", "Links"],
					"fullName": "MarkdownMessage Links renders links",
					"status": "passed",
					"title": "renders links",
					"duration": 23.855199999999968,
					"failureMessages": [],
					"meta": {}
				},
				{
					"ancestorTitles": ["MarkdownMessage", "Links"],
					"fullName": "MarkdownMessage Links opens external links in new tab",
					"status": "passed",
					"title": "opens external links in new tab",
					"duration": 14.202299999999923,
					"failureMessages": [],
					"meta": {}
				},
				{
					"ancestorTitles": ["MarkdownMessage", "Links"],
					"fullName": "MarkdownMessage Links does not add target for internal links",
					"status": "passed",
					"title": "does not add target for internal links",
					"duration": 16.229099999999562,
					"failureMessages": [],
					"meta": {}
				},
				{
					"ancestorTitles": ["MarkdownMessage", "Code"],
					"fullName": "MarkdownMessage Code renders inline code",
					"status": "passed",
					"title": "renders inline code",
					"duration": 4.374499999999898,
					"failureMessages": [],
					"meta": {}
				},
				{
					"ancestorTitles": ["MarkdownMessage", "Code"],
					"fullName": "MarkdownMessage Code renders code blocks with pre element",
					"status": "passed",
					"title": "renders code blocks with pre element",
					"duration": 12.418099999999868,
					"failureMessages": [],
					"meta": {}
				},
				{
					"ancestorTitles": ["MarkdownMessage", "Code"],
					"fullName": "MarkdownMessage Code shows language badge for code blocks",
					"status": "passed",
					"title": "shows language badge for code blocks",
					"duration": 4.014400000000023,
					"failureMessages": [],
					"meta": {}
				},
				{
					"ancestorTitles": ["MarkdownMessage", "Code"],
					"fullName": "MarkdownMessage Code shows copy button on code blocks",
					"status": "passed",
					"title": "shows copy button on code blocks",
					"duration": 25.147899999999936,
					"failureMessages": [],
					"meta": {}
				},
				{
					"ancestorTitles": ["MarkdownMessage", "Blockquotes"],
					"fullName": "MarkdownMessage Blockquotes renders blockquotes",
					"status": "passed",
					"title": "renders blockquotes",
					"duration": 5.518599999999424,
					"failureMessages": [],
					"meta": {}
				},
				{
					"ancestorTitles": ["MarkdownMessage", "Tables (GFM)"],
					"fullName": "MarkdownMessage Tables (GFM) renders tables",
					"status": "passed",
					"title": "renders tables",
					"duration": 18.6841000000004,
					"failureMessages": [],
					"meta": {}
				},
				{
					"ancestorTitles": ["MarkdownMessage", "Images"],
					"fullName": "MarkdownMessage Images renders images",
					"status": "passed",
					"title": "renders images",
					"duration": 12.595999999999549,
					"failureMessages": [],
					"meta": {}
				},
				{
					"ancestorTitles": ["MarkdownMessage", "Raw HTML (rehype-raw)"],
					"fullName": "MarkdownMessage Raw HTML (rehype-raw) renders raw HTML elements",
					"status": "passed",
					"title": "renders raw HTML elements",
					"duration": 4.067000000000007,
					"failureMessages": [],
					"meta": {}
				},
				{
					"ancestorTitles": ["MarkdownMessage", "Strikethrough (GFM)"],
					"fullName": "MarkdownMessage Strikethrough (GFM) renders strikethrough text",
					"status": "passed",
					"title": "renders strikethrough text",
					"duration": 2.654700000000048,
					"failureMessages": [],
					"meta": {}
				},
				{
					"ancestorTitles": ["MarkdownMessage", "Component Memoization"],
					"fullName": "MarkdownMessage Component Memoization is memoized to prevent unnecessary re-renders",
					"status": "passed",
					"title": "is memoized to prevent unnecessary re-renders",
					"duration": 2.3209999999999127,
					"failureMessages": [],
					"meta": {}
				},
				{
					"ancestorTitles": ["MarkdownMessage", "Component Memoization"],
					"fullName": "MarkdownMessage Component Memoization updates when content changes",
					"status": "passed",
					"title": "updates when content changes",
					"duration": 3.1215999999994892,
					"failureMessages": [],
					"meta": {}
				},
				{
					"ancestorTitles": ["MarkdownMessage", "Syntax Highlighting"],
					"fullName": "MarkdownMessage Syntax Highlighting applies syntax highlighting classes to code",
					"status": "passed",
					"title": "applies syntax highlighting classes to code",
					"duration": 3.543000000000575,
					"failureMessages": [],
					"meta": {}
				},
				{
					"ancestorTitles": ["MarkdownMessage", "Complex Content"],
					"fullName": "MarkdownMessage Complex Content renders mixed content correctly",
					"status": "passed",
					"title": "renders mixed content correctly",
					"duration": 47.22119999999995,
					"failureMessages": [],
					"meta": {}
				}
			],
			"startTime": 1764988282902,
			"endTime": 1764988283446.2212,
			"status": "passed",
			"message": "",
			"name": "F:/Study/Code/git/Lia-assignment/frontend/src/__tests__/MarkdownMessage.test.tsx"
		},
		{
			"assertionResults": [
				{
					"ancestorTitles": ["MessageList", "Empty State"],
					"fullName": "MessageList Empty State renders empty state with greeting when no messages",
					"status": "passed",
					"title": "renders empty state with greeting when no messages",
					"duration": 43.36650000000009,
					"failureMessages": [],
					"meta": {}
				},
				{
					"ancestorTitles": ["MessageList", "Empty State"],
					"fullName": "MessageList Empty State renders suggestion buttons in empty state",
					"status": "passed",
					"title": "renders suggestion buttons in empty state",
					"duration": 5.915200000000368,
					"failureMessages": [],
					"meta": {}
				},
				{
					"ancestorTitles": ["MessageList", "Message Rendering"],
					"fullName": "MessageList Message Rendering renders user message correctly",
					"status": "passed",
					"title": "renders user message correctly",
					"duration": 35.601500000000215,
					"failureMessages": [],
					"meta": {}
				},
				{
					"ancestorTitles": ["MessageList", "Message Rendering"],
					"fullName": "MessageList Message Rendering renders assistant message correctly",
					"status": "passed",
					"title": "renders assistant message correctly",
					"duration": 9.139700000000175,
					"failureMessages": [],
					"meta": {}
				},
				{
					"ancestorTitles": ["MessageList", "Message Rendering"],
					"fullName": "MessageList Message Rendering renders multiple messages",
					"status": "passed",
					"title": "renders multiple messages",
					"duration": 323.2334999999998,
					"failureMessages": [],
					"meta": {}
				},
				{
					"ancestorTitles": ["MessageList", "Message Rendering"],
					"fullName": "MessageList Message Rendering renders message timestamp",
					"status": "passed",
					"title": "renders message timestamp",
					"duration": 5.182300000000396,
					"failureMessages": [],
					"meta": {}
				},
				{
					"ancestorTitles": ["MessageList", "Message Rendering"],
					"fullName": "MessageList Message Rendering shows streaming indicator for streaming messages",
					"status": "passed",
					"title": "shows streaming indicator for streaming messages",
					"duration": 18.592400000000453,
					"failureMessages": [],
					"meta": {}
				},
				{
					"ancestorTitles": ["MessageList", "Message Selection"],
					"fullName": "MessageList Message Selection calls onSelectMessage when clicking a message",
					"status": "passed",
					"title": "calls onSelectMessage when clicking a message",
					"duration": 138.45840000000044,
					"failureMessages": [],
					"meta": {}
				},
				{
					"ancestorTitles": ["MessageList", "Copy Functionality"],
					"fullName": "MessageList Copy Functionality shows copy button on assistant messages",
					"status": "passed",
					"title": "shows copy button on assistant messages",
					"duration": 54.78580000000056,
					"failureMessages": [],
					"meta": {}
				},
				{
					"ancestorTitles": ["MessageList", "Copy Functionality"],
					"fullName": "MessageList Copy Functionality does not show copy button on user messages",
					"status": "passed",
					"title": "does not show copy button on user messages",
					"duration": 3.6667000000006738,
					"failureMessages": [],
					"meta": {}
				},
				{
					"ancestorTitles": ["MessageList", "Copy Functionality"],
					"fullName": "MessageList Copy Functionality does not show copy button while streaming",
					"status": "passed",
					"title": "does not show copy button while streaming",
					"duration": 3.9032999999999447,
					"failureMessages": [],
					"meta": {}
				},
				{
					"ancestorTitles": ["MessageList", "File Attachments"],
					"fullName": "MessageList File Attachments renders image attachments",
					"status": "passed",
					"title": "renders image attachments",
					"duration": 34.313200000000506,
					"failureMessages": [],
					"meta": {}
				},
				{
					"ancestorTitles": ["MessageList", "File Attachments"],
					"fullName": "MessageList File Attachments renders file attachments as badges",
					"status": "passed",
					"title": "renders file attachments as badges",
					"duration": 5.8125,
					"failureMessages": [],
					"meta": {}
				},
				{
					"ancestorTitles": ["MessageList", "Source URLs"],
					"fullName": "MessageList Source URLs renders source URLs on assistant messages",
					"status": "passed",
					"title": "renders source URLs on assistant messages",
					"duration": 7.662599999999657,
					"failureMessages": [],
					"meta": {}
				},
				{
					"ancestorTitles": ["MessageList", "Source URLs"],
					"fullName": "MessageList Source URLs uses fallback title when source has no title",
					"status": "passed",
					"title": "uses fallback title when source has no title",
					"duration": 7.201499999999214,
					"failureMessages": [],
					"meta": {}
				},
				{
					"ancestorTitles": ["MessageList", "Sentiment Indicator"],
					"fullName": "MessageList Sentiment Indicator shows sentiment dot for user messages with sentiment",
					"status": "passed",
					"title": "shows sentiment dot for user messages with sentiment",
					"duration": 22.321799999999712,
					"failureMessages": [],
					"meta": {}
				},
				{
					"ancestorTitles": ["MessageList", "Sentiment Indicator"],
					"fullName": "MessageList Sentiment Indicator does not show sentiment dot for assistant messages",
					"status": "passed",
					"title": "does not show sentiment dot for assistant messages",
					"duration": 4.312800000000607,
					"failureMessages": [],
					"meta": {}
				},
				{
					"ancestorTitles": ["MessageList", "Loading State"],
					"fullName": "MessageList Loading State shows loading dots for streaming message with empty content",
					"status": "passed",
					"title": "shows loading dots for streaming message with empty content",
					"duration": 4.68920000000071,
					"failureMessages": [],
					"meta": {}
				},
				{
					"ancestorTitles": ["MessageList", "Message Parts"],
					"fullName": "MessageList Message Parts uses text from parts if available",
					"status": "passed",
					"title": "uses text from parts if available",
					"duration": 3.1513000000004467,
					"failureMessages": [],
					"meta": {}
				},
				{
					"ancestorTitles": ["MessageList", "Message Parts"],
					"fullName": "MessageList Message Parts falls back to content if no text part",
					"status": "passed",
					"title": "falls back to content if no text part",
					"duration": 2.9531999999999243,
					"failureMessages": [],
					"meta": {}
				},
				{
					"ancestorTitles": ["MessageList", "Avatar Icons"],
					"fullName": "MessageList Avatar Icons shows user icon for user messages",
					"status": "passed",
					"title": "shows user icon for user messages",
					"duration": 2.486399999999776,
					"failureMessages": [],
					"meta": {}
				},
				{
					"ancestorTitles": ["MessageList", "Avatar Icons"],
					"fullName": "MessageList Avatar Icons shows bot icon for assistant messages",
					"status": "passed",
					"title": "shows bot icon for assistant messages",
					"duration": 3.393500000000131,
					"failureMessages": [],
					"meta": {}
				},
				{
					"ancestorTitles": ["MessageList", "Thoughts Section"],
					"fullName": "MessageList Thoughts Section renders thoughts section for assistant message with thoughts",
					"status": "passed",
					"title": "renders thoughts section for assistant message with thoughts",
					"duration": 5.343899999999849,
					"failureMessages": [],
					"meta": {}
				},
				{
					"ancestorTitles": ["MessageList", "Thoughts Section"],
					"fullName": "MessageList Thoughts Section renders \"Thinking...\" label when streaming",
					"status": "passed",
					"title": "renders \"Thinking...\" label when streaming",
					"duration": 8.934299999999894,
					"failureMessages": [],
					"meta": {}
				},
				{
					"ancestorTitles": ["MessageList", "Thoughts Section"],
					"fullName": "MessageList Thoughts Section auto-expands thoughts when streaming starts",
					"status": "passed",
					"title": "auto-expands thoughts when streaming starts",
					"duration": 6.899199999999837,
					"failureMessages": [],
					"meta": {}
				},
				{
					"ancestorTitles": ["MessageList", "Thoughts Section"],
					"fullName": "MessageList Thoughts Section does not render thoughts section when thoughts array is empty",
					"status": "passed",
					"title": "does not render thoughts section when thoughts array is empty",
					"duration": 3.887300000000323,
					"failureMessages": [],
					"meta": {}
				},
				{
					"ancestorTitles": ["MessageList", "Thoughts Section"],
					"fullName": "MessageList Thoughts Section does not render thoughts section when thoughts is undefined",
					"status": "passed",
					"title": "does not render thoughts section when thoughts is undefined",
					"duration": 3.465400000000045,
					"failureMessages": [],
					"meta": {}
				},
				{
					"ancestorTitles": ["MessageList", "Thoughts Section"],
					"fullName": "MessageList Thoughts Section does not render thoughts section for user messages",
					"status": "passed",
					"title": "does not render thoughts section for user messages",
					"duration": 2.7966999999998734,
					"failureMessages": [],
					"meta": {}
				},
				{
					"ancestorTitles": ["MessageList", "Thoughts Section"],
					"fullName": "MessageList Thoughts Section expands thoughts section when clicked",
					"status": "passed",
					"title": "expands thoughts section when clicked",
					"duration": 59.46429999999964,
					"failureMessages": [],
					"meta": {}
				},
				{
					"ancestorTitles": ["MessageList", "Thoughts Section"],
					"fullName": "MessageList Thoughts Section collapses thoughts section when clicked again",
					"status": "passed",
					"title": "collapses thoughts section when clicked again",
					"duration": 141.5686999999998,
					"failureMessages": [],
					"meta": {}
				}
			],
			"startTime": 1764988282635,
			"endTime": 1764988283608.5686,
			"status": "passed",
			"message": "",
			"name": "F:/Study/Code/git/Lia-assignment/frontend/src/__tests__/MessageList.test.tsx"
		},
		{
			"assertionResults": [
				{
					"ancestorTitles": ["ModelSelector", "Rendering"],
					"fullName": "ModelSelector Rendering renders the select component",
					"status": "passed",
					"title": "renders the select component",
					"duration": 208.82920000000013,
					"failureMessages": [],
					"meta": {}
				},
				{
					"ancestorTitles": ["ModelSelector", "Rendering"],
					"fullName": "ModelSelector Rendering shows placeholder when no value is selected",
					"status": "passed",
					"title": "shows placeholder when no value is selected",
					"duration": 47.20289999999977,
					"failureMessages": [],
					"meta": {}
				},
				{
					"ancestorTitles": ["ModelSelector", "Rendering"],
					"fullName": "ModelSelector Rendering displays selected model name",
					"status": "passed",
					"title": "displays selected model name",
					"duration": 34.91260000000011,
					"failureMessages": [],
					"meta": {}
				},
				{
					"ancestorTitles": ["ModelSelector", "Rendering"],
					"fullName": "ModelSelector Rendering renders with default select model placeholder",
					"status": "passed",
					"title": "renders with default select model placeholder",
					"duration": 32.562500000000455,
					"failureMessages": [],
					"meta": {}
				},
				{
					"ancestorTitles": ["ModelSelector", "Styling"],
					"fullName": "ModelSelector Styling applies custom className",
					"status": "passed",
					"title": "applies custom className",
					"duration": 26.204800000000432,
					"failureMessages": [],
					"meta": {}
				},
				{
					"ancestorTitles": ["ModelSelector", "Default Models"],
					"fullName": "ModelSelector Default Models uses defaultModels correctly",
					"status": "passed",
					"title": "uses defaultModels correctly",
					"duration": 42.21300000000065,
					"failureMessages": [],
					"meta": {}
				},
				{
					"ancestorTitles": ["ModelSelector", "Default Models"],
					"fullName": "ModelSelector Default Models shows different model when value changes",
					"status": "passed",
					"title": "shows different model when value changes",
					"duration": 38.288000000000466,
					"failureMessages": [],
					"meta": {}
				},
				{
					"ancestorTitles": ["ModelDropdown", "Rendering"],
					"fullName": "ModelDropdown Rendering renders as a combobox",
					"status": "passed",
					"title": "renders as a combobox",
					"duration": 23.29449999999997,
					"failureMessages": [],
					"meta": {}
				},
				{
					"ancestorTitles": ["ModelDropdown", "Rendering"],
					"fullName": "ModelDropdown Rendering shows \"Select model\" when no value",
					"status": "passed",
					"title": "shows \"Select model\" when no value",
					"duration": 6.245100000000093,
					"failureMessages": [],
					"meta": {}
				},
				{
					"ancestorTitles": ["ModelDropdown", "Rendering"],
					"fullName": "ModelDropdown Rendering displays selected model",
					"status": "passed",
					"title": "displays selected model",
					"duration": 5.595600000000559,
					"failureMessages": [],
					"meta": {}
				},
				{
					"ancestorTitles": ["ModelDropdown", "Dropdown Menu"],
					"fullName": "ModelDropdown Dropdown Menu opens dropdown on click",
					"status": "passed",
					"title": "opens dropdown on click",
					"duration": 205.67590000000018,
					"failureMessages": [],
					"meta": {}
				},
				{
					"ancestorTitles": ["ModelDropdown", "Dropdown Menu"],
					"fullName": "ModelDropdown Dropdown Menu calls onValueChange when selecting",
					"status": "passed",
					"title": "calls onValueChange when selecting",
					"duration": 163.6893,
					"failureMessages": [],
					"meta": {}
				},
				{
					"ancestorTitles": ["ModelBadgeSelector", "Rendering"],
					"fullName": "ModelBadgeSelector Rendering renders as compact badge button",
					"status": "passed",
					"title": "renders as compact badge button",
					"duration": 4.823900000000322,
					"failureMessages": [],
					"meta": {}
				},
				{
					"ancestorTitles": ["ModelBadgeSelector", "Rendering"],
					"fullName": "ModelBadgeSelector Rendering shows \"Model\" when no value",
					"status": "passed",
					"title": "shows \"Model\" when no value",
					"duration": 3.199300000000221,
					"failureMessages": [],
					"meta": {}
				},
				{
					"ancestorTitles": ["ModelBadgeSelector", "Rendering"],
					"fullName": "ModelBadgeSelector Rendering displays selected model name",
					"status": "passed",
					"title": "displays selected model name",
					"duration": 3.0480999999999767,
					"failureMessages": [],
					"meta": {}
				},
				{
					"ancestorTitles": ["ModelBadgeSelector", "Dropdown"],
					"fullName": "ModelBadgeSelector Dropdown opens dropdown on click",
					"status": "passed",
					"title": "opens dropdown on click",
					"duration": 87.92949999999928,
					"failureMessages": [],
					"meta": {}
				},
				{
					"ancestorTitles": ["ModelBadgeSelector", "Dropdown"],
[...]
					"fullName": "Badge Component Variants applies secondary variant",
					"status": "passed",
					"title": "applies secondary variant",
					"duration": 1.2959000000000742,
					"failureMessages": [],
					"meta": {}
				},
				{
					"ancestorTitles": ["Badge Component", "Variants"],
					"fullName": "Badge Component Variants applies destructive variant",
					"status": "passed",
					"title": "applies destructive variant",
					"duration": 1.2296999999998661,
					"failureMessages": [],
					"meta": {}
				},
				{
					"ancestorTitles": ["Badge Component", "Variants"],
					"fullName": "Badge Component Variants applies outline variant",
					"status": "passed",
					"title": "applies outline variant",
					"duration": 1.2119000000002416,
					"failureMessages": [],
					"meta": {}
				},
				{
					"ancestorTitles": ["Badge Component", "Custom className"],
					"fullName": "Badge Component Custom className applies custom className",
					"status": "passed",
					"title": "applies custom className",
					"duration": 1.315900000000056,
					"failureMessages": [],
					"meta": {}
				},
				{
					"ancestorTitles": ["Card Components", "Card"],
					"fullName": "Card Components Card renders card container",
					"status": "passed",
					"title": "renders card container",
					"duration": 1.1966999999999643,
					"failureMessages": [],
					"meta": {}
				},
				{
					"ancestorTitles": ["Card Components", "Card"],
					"fullName": "Card Components Card applies custom className",
					"status": "passed",
					"title": "applies custom className",
					"duration": 0.9696999999996478,
					"failureMessages": [],
					"meta": {}
				},
				{
					"ancestorTitles": ["Card Components", "CardHeader"],
					"fullName": "Card Components CardHeader renders card header",
					"status": "passed",
					"title": "renders card header",
					"duration": 1.267399999999725,
					"failureMessages": [],
					"meta": {}
				},
				{
					"ancestorTitles": ["Card Components", "CardTitle"],
					"fullName": "Card Components CardTitle renders card title",
					"status": "passed",
					"title": "renders card title",
					"duration": 1.3755000000001019,
					"failureMessages": [],
					"meta": {}
				},
				{
					"ancestorTitles": ["Card Components", "CardTitle"],
					"fullName": "Card Components CardTitle renders as div element",
					"status": "passed",
					"title": "renders as div element",
					"duration": 1.3987999999999374,
					"failureMessages": [],
					"meta": {}
				},
				{
					"ancestorTitles": ["Card Components", "CardDescription"],
					"fullName": "Card Components CardDescription renders card description",
					"status": "passed",
					"title": "renders card description",
					"duration": 1.4498999999996158,
					"failureMessages": [],
					"meta": {}
				},
				{
					"ancestorTitles": ["Card Components", "CardContent"],
					"fullName": "Card Components CardContent renders card content",
					"status": "passed",
					"title": "renders card content",
					"duration": 1.332300000000032,
					"failureMessages": [],
					"meta": {}
				},
				{
					"ancestorTitles": ["Card Components", "CardFooter"],
					"fullName": "Card Components CardFooter renders card footer",
					"status": "passed",
					"title": "renders card footer",
					"duration": 1.300199999999677,
					"failureMessages": [],
					"meta": {}
				},
				{
					"ancestorTitles": ["Card Components", "Full Card"],
					"fullName": "Card Components Full Card renders complete card structure",
					"status": "passed",
					"title": "renders complete card structure",
					"duration": 2.649899999999434,
					"failureMessages": [],
					"meta": {}
				},
				{
					"ancestorTitles": ["Alert Component", "Rendering"],
					"fullName": "Alert Component Rendering renders alert",
					"status": "passed",
					"title": "renders alert",
					"duration": 7.737100000000282,
					"failureMessages": [],
					"meta": {}
				},
				{
					"ancestorTitles": ["Alert Component", "Rendering"],
					"fullName": "Alert Component Rendering renders children",
					"status": "passed",
					"title": "renders children",
					"duration": 2.0981000000001586,
					"failureMessages": [],
					"meta": {}
				},
				{
					"ancestorTitles": ["Alert Component", "Variants"],
					"fullName": "Alert Component Variants applies default variant",
					"status": "passed",
					"title": "applies default variant",
					"duration": 11.43539999999939,
					"failureMessages": [],
					"meta": {}
				},
				{
					"ancestorTitles": ["Alert Component", "Variants"],
					"fullName": "Alert Component Variants applies destructive variant",
					"status": "passed",
					"title": "applies destructive variant",
					"duration": 7.292100000000573,
					"failureMessages": [],
					"meta": {}
				},
				{
					"ancestorTitles": ["Alert Component", "Custom className"],
					"fullName": "Alert Component Custom className applies custom className",
					"status": "passed",
					"title": "applies custom className",
					"duration": 8.367400000000089,
					"failureMessages": [],
					"meta": {}
				}
			],
			"startTime": 1764988282407,
			"endTime": 1764988282998.3674,
			"status": "passed",
			"message": "",
			"name": "F:/Study/Code/git/Lia-assignment/frontend/src/__tests__/UIComponents.test.tsx"
		},
		{
			"assertionResults": [
				{
					"ancestorTitles": ["useChat Hook", "Initial State"],
					"fullName": "useChat Hook Initial State returns initial state correctly",
					"status": "passed",
					"title": "returns initial state correctly",
					"duration": 19.230599999999868,
					"failureMessages": [],
					"meta": {}
				},
				{
					"ancestorTitles": ["useChat Hook", "Initial State"],
					"fullName": "useChat Hook Initial State provides all required functions",
					"status": "passed",
					"title": "provides all required functions",
					"duration": 2.024699999999939,
					"failureMessages": [],
					"meta": {}
				},
				{
					"ancestorTitles": ["useChat Hook", "sendMessage"],
					"fullName": "useChat Hook sendMessage sends message and receives streamed response",
					"status": "passed",
					"title": "sends message and receives streamed response",
					"duration": 8.764200000000073,
					"failureMessages": [],
					"meta": {}
				},
				{
					"ancestorTitles": ["useChat Hook", "sendMessage"],
					"fullName": "useChat Hook sendMessage does not send empty messages",
					"status": "passed",
					"title": "does not send empty messages",
					"duration": 2.551300000000083,
					"failureMessages": [],
					"meta": {}
				},
				{
					"ancestorTitles": ["useChat Hook", "sendMessage"],
					"fullName": "useChat Hook sendMessage trims message content before sending",
					"status": "passed",
					"title": "trims message content before sending",
					"duration": 11.161799999999857,
					"failureMessages": [],
					"meta": {}
				},
				{
					"ancestorTitles": ["useChat Hook", "sendMessage"],
					"fullName": "useChat Hook sendMessage handles HTTP errors",
					"status": "passed",
					"title": "handles HTTP errors",
					"duration": 15.946300000000065,
					"failureMessages": [],
					"meta": {}
				},
				{
					"ancestorTitles": ["useChat Hook", "sendMessage"],
					"fullName": "useChat Hook sendMessage handles SSE error events",
					"status": "passed",
					"title": "handles SSE error events",
					"duration": 14.544000000000324,
					"failureMessages": [],
					"meta": {}
				},
				{
					"ancestorTitles": ["useChat Hook", "sendMessage"],
					"fullName": "useChat Hook sendMessage updates sentiment on user message",
					"status": "passed",
					"title": "updates sentiment on user message",
					"duration": 3.3782999999998538,
					"failureMessages": [],
					"meta": {}
				},
				{
					"ancestorTitles": ["useChat Hook", "sendMessage"],
					"fullName": "useChat Hook sendMessage sends correct headers with token",
					"status": "passed",
					"title": "sends correct headers with token",
					"duration": 4.639799999999923,
					"failureMessages": [],
					"meta": {}
				},
				{
					"ancestorTitles": ["useChat Hook", "sendMessage"],
					"fullName": "useChat Hook sendMessage sends without auth header when no token",
					"status": "passed",
					"title": "sends without auth header when no token",
					"duration": 6.68119999999999,
					"failureMessages": [],
					"meta": {}
				},
				{
					"ancestorTitles": ["useChat Hook", "stop"],
					"fullName": "useChat Hook stop aborts ongoing request",
					"status": "passed",
					"title": "aborts ongoing request",
					"duration": 78.56190000000015,
					"failureMessages": [],
					"meta": {}
				},
				{
					"ancestorTitles": ["useChat Hook", "clearMessages"],
					"fullName": "useChat Hook clearMessages clears all messages",
					"status": "passed",
					"title": "clears all messages",
					"duration": 15.02520000000004,
					"failureMessages": [],
					"meta": {}
				},
				{
					"ancestorTitles": ["useChat Hook", "setMessages"],
					"fullName": "useChat Hook setMessages allows setting messages directly",
					"status": "passed",
					"title": "allows setting messages directly",
					"duration": 0.9239000000002306,
					"failureMessages": [],
					"meta": {}
				},
				{
					"ancestorTitles": ["useChat Hook", "regenerate"],
					"fullName": "useChat Hook regenerate regenerates last assistant response",
					"status": "passed",
					"title": "regenerates last assistant response",
					"duration": 30.710799999999836,
					"failureMessages": [],
					"meta": {}
				},
				{
					"ancestorTitles": ["useChat Hook", "regenerate"],
					"fullName": "useChat Hook regenerate does nothing when no user messages exist",
					"status": "passed",
					"title": "does nothing when no user messages exist",
					"duration": 1.7881999999999607,
					"failureMessages": [],
					"meta": {}
				},
				{
					"ancestorTitles": ["useChat Hook", "isStreaming"],
					"fullName": "useChat Hook isStreaming returns true when streaming",
					"status": "passed",
					"title": "returns true when streaming",
					"duration": 12.99539999999979,
					"failureMessages": [],
					"meta": {}
				},
				{
					"ancestorTitles": ["useChat Hook", "isStreaming"],
					"fullName": "useChat Hook isStreaming returns false when idle",
					"status": "passed",
					"title": "returns false when idle",
					"duration": 1.2813000000001011,
					"failureMessages": [],
					"meta": {}
				},
				{
					"ancestorTitles": ["useChat Hook", "Conversation ID"],
					"fullName": "useChat Hook Conversation ID includes conversation ID in subsequent requests",
					"status": "passed",
					"title": "includes conversation ID in subsequent requests",
					"duration": 1.3330999999998312,
					"failureMessages": [],
					"meta": {}
				},
				{
					"ancestorTitles": ["useChat Hook", "Error Recovery"],
					"fullName": "useChat Hook Error Recovery removes empty assistant message on error",
					"status": "passed",
					"title": "removes empty assistant message on error",
					"duration": 13.028600000000097,
					"failureMessages": [],
					"meta": {}
				},
				{
					"ancestorTitles": ["useChat Hook", "Thinking/Thought Events"],
					"fullName": "useChat Hook Thinking/Thought Events accumulates thought events into assistant message",
					"status": "passed",
					"title": "accumulates thought events into assistant message",
					"duration": 15.66229999999996,
					"failureMessages": [],
					"meta": {}
				},
				{
					"ancestorTitles": ["useChat Hook", "Thinking/Thought Events"],
					"fullName": "useChat Hook Thinking/Thought Events handles no thought events gracefully",
					"status": "passed",
					"title": "handles no thought events gracefully",
					"duration": 15.388300000000072,
					"failureMessages": [],
					"meta": {}
				},
				{
					"ancestorTitles": ["useChat Hook", "Thinking/Thought Events"],
					"fullName": "useChat Hook Thinking/Thought Events updates thoughts array during streaming",
					"status": "passed",
					"title": "updates thoughts array during streaming",
					"duration": 16.065200000000004,
					"failureMessages": [],
					"meta": {}
				},
				{
					"ancestorTitles": ["useChat Hook", "Thinking/Thought Events"],
					"fullName": "useChat Hook Thinking/Thought Events preserves thoughts in final message",
					"status": "passed",
					"title": "preserves thoughts in final message",
					"duration": 15.566100000000006,
					"failureMessages": [],
					"meta": {}
				},
				{
					"ancestorTitles": ["useChat Hook", "Thinking/Thought Events"],
					"fullName": "useChat Hook Thinking/Thought Events handles interleaved thought and chunk events",
					"status": "passed",
					"title": "handles interleaved thought and chunk events",
					"duration": 15.811400000000049,
					"failureMessages": [],
					"meta": {}
				}
			],
			"startTime": 1764988282286,
			"endTime": 1764988282610.8113,
			"status": "passed",
			"message": "",
			"name": "F:/Study/Code/git/Lia-assignment/frontend/src/__tests__/useChat.test.ts"
		},
		{
			"assertionResults": [
				{
					"ancestorTitles": ["utils", "cn (className utility)"],
					"fullName": "utils cn (className utility) merges class names",
					"status": "passed",
					"title": "merges class names",
					"duration": 9.152900000000045,
					"failureMessages": [],
					"meta": {}
				},
				{
					"ancestorTitles": ["utils", "cn (className utility)"],
					"fullName": "utils cn (className utility) handles undefined values",
					"status": "passed",
					"title": "handles undefined values",
					"duration": 0.35969999999997526,
					"failureMessages": [],
					"meta": {}
				},
				{
					"ancestorTitles": ["utils", "cn (className utility)"],
					"fullName": "utils cn (className utility) handles null values",
					"status": "passed",
					"title": "handles null values",
					"duration": 0.24199999999973443,
					"failureMessages": [],
					"meta": {}
				},
				{
					"ancestorTitles": ["utils", "cn (className utility)"],
					"fullName": "utils cn (className utility) handles false values",
					"status": "passed",
					"title": "handles false values",
					"duration": 0.3125,
					"failureMessages": [],
					"meta": {}
				},
				{
					"ancestorTitles": ["utils", "cn (className utility)"],
					"fullName": "utils cn (className utility) handles conditional classes",
					"status": "passed",
					"title": "handles conditional classes",
					"duration": 0.3467999999998028,
					"failureMessages": [],
					"meta": {}
				},
				{
					"ancestorTitles": ["utils", "cn (className utility)"],
					"fullName": "utils cn (className utility) handles empty string",
					"status": "passed",
					"title": "handles empty string",
					"duration": 0.22310000000015862,
					"failureMessages": [],
					"meta": {}
				},
				{
					"ancestorTitles": ["utils", "cn (className utility)"],
					"fullName": "utils cn (className utility) handles arrays of classes",
					"status": "passed",
					"title": "handles arrays of classes",
					"duration": 0.2494000000001506,
					"failureMessages": [],
					"meta": {}
				},
				{
					"ancestorTitles": ["utils", "cn (className utility)"],
					"fullName": "utils cn (className utility) handles objects with boolean values",
					"status": "passed",
					"title": "handles objects with boolean values",
					"duration": 0.2878000000000611,
					"failureMessages": [],
					"meta": {}
				},
				{
					"ancestorTitles": ["utils", "cn (className utility)"],
					"fullName": "utils cn (className utility) merges Tailwind classes correctly",
					"status": "passed",
					"title": "merges Tailwind classes correctly",
					"duration": 0.9121000000000095,
					"failureMessages": [],
					"meta": {}
				},
				{
					"ancestorTitles": ["utils", "cn (className utility)"],
					"fullName": "utils cn (className utility) merges conflicting color classes",
					"status": "passed",
					"title": "merges conflicting color classes",
					"duration": 0.6282999999998538,
					"failureMessages": [],
					"meta": {}
				},
				{
					"ancestorTitles": ["utils", "cn (className utility)"],
					"fullName": "utils cn (className utility) merges conflicting size classes",
					"status": "passed",
					"title": "merges conflicting size classes",
					"duration": 0.3213999999998123,
					"failureMessages": [],
					"meta": {}
				},
				{
					"ancestorTitles": ["utils", "cn (className utility)"],
					"fullName": "utils cn (className utility) keeps non-conflicting classes",
					"status": "passed",
					"title": "keeps non-conflicting classes",
					"duration": 0.2053000000000793,
					"failureMessages": [],
					"meta": {}
				},
				{
					"ancestorTitles": ["utils", "cn (className utility)"],
					"fullName": "utils cn (className utility) handles complex combinations",
					"status": "passed",
					"title": "handles complex combinations",
					"duration": 0.22860000000036962,
					"failureMessages": [],
					"meta": {}
				},
				{
					"ancestorTitles": ["utils", "cn (className utility)"],
					"fullName": "utils cn (className utility) handles no arguments",
					"status": "passed",
					"title": "handles no arguments",
					"duration": 0.15639999999984866,
					"failureMessages": [],
					"meta": {}
				},
				{
					"ancestorTitles": ["utils", "cn (className utility)"],
					"fullName": "utils cn (className utility) handles single argument",
					"status": "passed",
					"title": "handles single argument",
					"duration": 0.13469999999961146,
					"failureMessages": [],
					"meta": {}
				},
				{
					"ancestorTitles": ["utils", "cn (className utility)"],
					"fullName": "utils cn (className utility) handles responsive classes",
					"status": "passed",
					"title": "handles responsive classes",
					"duration": 0.18739999999979773,
					"failureMessages": [],
					"meta": {}
				},
				{
					"ancestorTitles": ["utils", "cn (className utility)"],
					"fullName": "utils cn (className utility) handles hover and focus states",
					"status": "passed",
					"title": "handles hover and focus states",
					"duration": 0.2746999999999389,
					"failureMessages": [],
					"meta": {}
				},
				{
					"ancestorTitles": ["utils", "cn (className utility)"],
					"fullName": "utils cn (className utility) handles dark mode classes",
					"status": "passed",
					"title": "handles dark mode classes",
					"duration": 0.15929999999980282,
					"failureMessages": [],
					"meta": {}
				}
			],
			"startTime": 1764988282070,
			"endTime": 1764988282085.2747,
			"status": "passed",
			"message": "",
			"name": "F:/Study/Code/git/Lia-assignment/frontend/src/__tests__/utils.test.ts"
		},
		{
			"assertionResults": [
				{
					"ancestorTitles": ["ChatInterface"],
					"fullName": "ChatInterface renders the chat interface with input",
					"status": "passed",
					"title": "renders the chat interface with input",
					"duration": 131.90669999999955,
					"failureMessages": [],
					"meta": {}
				},
				{
					"ancestorTitles": ["ChatInterface"],
					"fullName": "ChatInterface renders sidebar with Conversations header",
					"status": "passed",
					"title": "renders sidebar with Conversations header",
					"duration": 65.37079999999969,
					"failureMessages": [],
					"meta": {}
				},
				{
					"ancestorTitles": ["ChatInterface"],
					"fullName": "ChatInterface allows typing in the input field",
					"status": "passed",
					"title": "allows typing in the input field",
					"duration": 54.96810000000005,
					"failureMessages": [],
					"meta": {}
				},
				{
					"ancestorTitles": ["ChatInterface"],
					"fullName": "ChatInterface renders model selector",
					"status": "passed",
					"title": "renders model selector",
					"duration": 170.34019999999964,
					"failureMessages": [],
					"meta": {}
				}
			],
			"startTime": 1764988283042,
			"endTime": 1764988283464.34,
			"status": "passed",
			"message": "",
			"name": "F:/Study/Code/git/Lia-assignment/frontend/src/components/__tests__/ChatInterface.test.tsx"
		}
	]
}
