============================= test session starts =============================
platform win32 -- Python 3.11.11, pytest-9.0.1, pluggy-1.6.0
rootdir: F:\Study\Code\git\Lia-assignment\backend
configfile: pyproject.toml
plugins: anyio-4.12.0, asyncio-1.3.0, cov-7.0.0
asyncio: mode=Mode.AUTO, debug=False, asyncio_default_fixture_loop_scope=None, asyncio_default_test_loop_scope=function
collected 220 items

tests\test_auth.py .........................                             [ 11%]
tests\test_cache.py .............................                        [ 24%]
tests\test_chat_api.py .........................                         [ 35%]
tests\test_chat_sentiment.py ......................                      [ 45%]
tests\test_chat_thinking.py .......                                      [ 49%]
tests\test_deps.py .........                                             [ 53%]
tests\test_health.py ....................................                [ 69%]
tests\test_llm_thinking.py ...........                                   [ 74%]
tests\test_rate_limit.py ..............                                  [ 80%]
tests\test_security.py ....................                              [ 90%]
tests\test_sentiment.py ......................                           [100%]

============================== warnings summary ===============================
tests/test_chat_thinking.py::TestChatOrchestratorThinking::test_stream_yields_thought_events
tests/test_chat_thinking.py::TestChatOrchestratorThinking::test_thoughts_stored_in_message_model_info
tests/test_chat_thinking.py::TestChatOrchestratorThinking::test_cache_includes_thoughts
tests/test_chat_thinking.py::TestChatOrchestratorThinking::test_no_thoughts_when_none_generated
tests/test_chat_thinking.py::TestStructuredStreamThoughts::test_structured_stream_with_thoughts
  F:\Study\Code\git\Lia-assignment\backend\app\services\chat.py:176: RuntimeWarning: coroutine 'AsyncMockMixin._execute_mock_call' was never awaited
    context.append({"role": "user", "content": message})
  Enable tracemalloc to get traceback where the object was allocated.
  See https://docs.pytest.org/en/stable/how-to/capture-warnings.html#resource-warnings for more info.

-- Docs: https://docs.pytest.org/en/stable/how-to/capture-warnings.html
================= 220 passed, 5 warnings in 68.82s (0:01:08) ==================
